<?xml version="1.0" encoding="UTF-8"?>
<!-- Generated by org.testng.reporters.JUnitReportReporter -->
<testsuite skipped="0" hostname="QTLSYS0-224" name="tests.QCStore" tests="1" failures="0" timestamp="07 Jan 2020 06:31:31 GMT" time="664.285" errors="0">
  <testcase name="QC_RefinanceStepDown_Txn" time="664.285" classname="tests.QCStore"/>
</testsuite> <!-- tests.QCStore -->
