<?xml version="1.0" encoding="UTF-8"?>
<!-- Generated by org.testng.reporters.JUnitReportReporter -->
<testsuite skipped="0" hostname="QTLSYS0-224" name="tests.QCStore" tests="4" failures="0" timestamp="06 Feb 2020 08:23:27 GMT" time="4687.998" errors="0">
  <testcase name="Clear_Return_EODTwice" time="1569.927" classname="tests.QCStore"/>
  <testcase name="SignatureNewLoan_EODTwice" time="1253.695" classname="tests.QCStore"/>
  <testcase name="DepositEODReDeposit" time="865.093" classname="tests.QCStore"/>
  <testcase name="PaymentDepositEODReDeposit" time="999.283" classname="tests.QCStore"/>
</testsuite> <!-- tests.QCStore -->
